{"C:\\Users\\ar351538\\Desktop\\MernSampleCode\\server\\test.js":{"path":"C:\\Users\\ar351538\\Desktop\\MernSampleCode\\server\\test.js","s":{"1":1,"2":1,"3":1,"4":1,"5":1,"6":1,"7":1,"8":1,"9":1,"10":1,"11":1,"12":1,"13":1,"14":1,"15":1,"16":1,"17":1,"18":1,"19":1,"20":1,"21":1,"22":1,"23":1,"24":1,"25":1,"26":1,"27":1,"28":1,"29":1,"30":1,"31":1,"32":1,"33":1,"34":1,"35":1,"36":1,"37":1,"38":1,"39":1,"40":1,"41":1,"42":1,"43":1,"44":1,"45":1,"46":1,"47":1,"48":1,"49":1,"50":1,"51":1,"52":1,"53":1,"54":1,"55":1,"56":1,"57":1,"58":1,"59":1,"60":1,"61":1,"62":1,"63":1,"64":1,"65":1,"66":1,"67":1,"68":1,"69":1,"70":1,"71":1,"72":1,"73":1,"74":1,"75":1,"76":1,"77":1,"78":1,"79":1,"80":1,"81":1,"82":1,"83":1,"84":1,"85":1,"86":1,"87":1,"88":1,"89":1,"90":1,"91":1,"92":1,"93":1,"94":1,"95":1,"96":1,"97":1,"98":1,"99":1,"100":1,"101":1,"102":1,"103":1,"104":1,"105":1,"106":1,"107":1,"108":1,"109":1,"110":1,"111":1,"112":1,"113":1,"114":1,"115":1,"116":1,"117":1,"118":1,"119":1,"120":1,"121":1,"122":1,"123":1,"124":1,"125":1,"126":1,"127":1,"128":1,"129":1,"130":1,"131":1,"132":1,"133":1,"134":1,"135":1,"136":1,"137":1,"138":1,"139":1,"140":1,"141":1,"142":1,"143":1,"144":1,"145":1,"146":1,"147":1,"148":1,"149":1,"150":1,"151":1,"152":1,"153":1,"154":1,"155":1,"156":1,"157":1,"158":1,"159":1,"160":1,"161":1,"162":1,"163":1,"164":1,"165":1,"166":1,"167":1,"168":1,"169":1,"170":1,"171":1,"172":1,"173":1,"174":1,"175":1,"176":1,"177":1,"178":1,"179":1,"180":1,"181":1,"182":1,"183":1,"184":1,"185":1,"186":1,"187":1,"188":1,"189":1,"190":1,"191":1,"192":1,"193":1,"194":1,"195":1,"196":1,"197":1,"198":1,"199":1,"200":1,"201":1,"202":1,"203":1,"204":1,"205":1,"206":1,"207":1,"208":1,"209":1,"210":1,"211":1,"212":1,"213":1,"214":1,"215":1,"216":1,"217":1,"218":1,"219":1,"220":1,"221":1,"222":1,"223":1,"224":1,"225":1,"226":1,"227":1,"228":1,"229":1,"230":1,"231":1,"232":1,"233":1,"234":1,"235":1,"236":1,"237":1,"238":1,"239":1,"240":1,"241":1,"242":1,"243":1,"244":1,"245":1,"246":1,"247":1,"248":1,"249":1,"250":1,"251":1,"252":1,"253":1,"254":1,"255":1,"256":1,"257":1,"258":1,"259":1,"260":1,"261":1,"262":1,"263":1,"264":1,"265":1,"266":1,"267":1,"268":1,"269":1,"270":1,"271":1,"272":1,"273":1,"274":1,"275":1,"276":1,"277":1,"278":1,"279":1,"280":1,"281":1,"282":1,"283":1,"284":1,"285":1,"286":1,"287":1,"288":1,"289":1,"290":1,"291":1,"292":1,"293":1,"294":1,"295":1,"296":1,"297":1,"298":1,"299":1,"300":1,"301":1,"302":1,"303":1,"304":1,"305":1,"306":1},"b":{},"f":{"1":1,"2":1,"3":1,"4":1,"5":1,"6":1,"7":1,"8":1,"9":1,"10":1,"11":1,"12":1,"13":1,"14":1,"15":1,"16":1,"17":1,"18":1,"19":1,"20":1,"21":1,"22":1,"23":1,"24":1,"25":1,"26":1,"27":1,"28":1,"29":1,"30":1,"31":1,"32":1,"33":1,"34":1,"35":1,"36":1,"37":1,"38":1,"39":1,"40":1,"41":1,"42":1,"43":1,"44":1,"45":1,"46":1,"47":1,"48":1,"49":1,"50":1,"51":1,"52":1,"53":1,"54":1,"55":1,"56":1,"57":1,"58":1,"59":1,"60":1,"61":1},"fnMap":{"1":{"name":"(anonymous_1)","line":18,"loc":{"start":{"line":18,"column":33},"end":{"line":18,"column":56}}},"2":{"name":"(anonymous_2)","line":31,"loc":{"start":{"line":31,"column":33},"end":{"line":31,"column":56}}},"3":{"name":"(anonymous_3)","line":44,"loc":{"start":{"line":44,"column":33},"end":{"line":44,"column":56}}},"4":{"name":"(anonymous_4)","line":57,"loc":{"start":{"line":57,"column":33},"end":{"line":57,"column":56}}},"5":{"name":"(anonymous_5)","line":65,"loc":{"start":{"line":65,"column":51},"end":{"line":65,"column":65}}},"6":{"name":"(anonymous_6)","line":69,"loc":{"start":{"line":69,"column":13},"end":{"line":69,"column":30}}},"7":{"name":"(anonymous_7)","line":73,"loc":{"start":{"line":73,"column":49},"end":{"line":73,"column":63}}},"8":{"name":"(anonymous_8)","line":79,"loc":{"start":{"line":79,"column":15},"end":{"line":79,"column":32}}},"9":{"name":"(anonymous_9)","line":83,"loc":{"start":{"line":83,"column":54},"end":{"line":83,"column":68}}},"10":{"name":"(anonymous_10)","line":87,"loc":{"start":{"line":87,"column":17},"end":{"line":87,"column":34}}},"11":{"name":"(anonymous_11)","line":91,"loc":{"start":{"line":91,"column":56},"end":{"line":91,"column":70}}},"12":{"name":"(anonymous_12)","line":102,"loc":{"start":{"line":102,"column":67},"end":{"line":102,"column":81}}},"13":{"name":"(anonymous_13)","line":115,"loc":{"start":{"line":115,"column":91},"end":{"line":115,"column":105}}},"14":{"name":"(anonymous_14)","line":133,"loc":{"start":{"line":133,"column":40},"end":{"line":133,"column":62}}},"15":{"name":"(anonymous_15)","line":140,"loc":{"start":{"line":140,"column":73},"end":{"line":140,"column":87}}},"16":{"name":"(anonymous_16)","line":146,"loc":{"start":{"line":146,"column":68},"end":{"line":146,"column":82}}},"17":{"name":"(anonymous_17)","line":150,"loc":{"start":{"line":150,"column":31},"end":{"line":150,"column":48}}},"18":{"name":"(anonymous_18)","line":154,"loc":{"start":{"line":154,"column":79},"end":{"line":154,"column":93}}},"19":{"name":"(anonymous_19)","line":160,"loc":{"start":{"line":160,"column":71},"end":{"line":160,"column":85}}},"20":{"name":"(anonymous_20)","line":178,"loc":{"start":{"line":178,"column":42},"end":{"line":178,"column":62}}},"21":{"name":"(anonymous_21)","line":185,"loc":{"start":{"line":185,"column":76},"end":{"line":185,"column":90}}},"22":{"name":"(anonymous_22)","line":190,"loc":{"start":{"line":190,"column":57},"end":{"line":190,"column":80}}},"23":{"name":"(anonymous_23)","line":198,"loc":{"start":{"line":198,"column":68},"end":{"line":198,"column":82}}},"24":{"name":"(anonymous_24)","line":209,"loc":{"start":{"line":209,"column":83},"end":{"line":209,"column":97}}},"25":{"name":"(anonymous_25)","line":217,"loc":{"start":{"line":217,"column":71},"end":{"line":217,"column":85}}},"26":{"name":"(anonymous_26)","line":230,"loc":{"start":{"line":230,"column":74},"end":{"line":230,"column":88}}},"27":{"name":"(anonymous_27)","line":241,"loc":{"start":{"line":241,"column":102},"end":{"line":241,"column":116}}},"28":{"name":"(anonymous_28)","line":245,"loc":{"start":{"line":245,"column":47},"end":{"line":245,"column":64}}},"29":{"name":"(anonymous_29)","line":249,"loc":{"start":{"line":249,"column":91},"end":{"line":249,"column":105}}},"30":{"name":"(anonymous_30)","line":259,"loc":{"start":{"line":259,"column":49},"end":{"line":259,"column":66}}},"31":{"name":"(anonymous_31)","line":263,"loc":{"start":{"line":263,"column":90},"end":{"line":263,"column":104}}},"32":{"name":"(anonymous_32)","line":271,"loc":{"start":{"line":271,"column":51},"end":{"line":271,"column":68}}},"33":{"name":"(anonymous_33)","line":283,"loc":{"start":{"line":283,"column":53},"end":{"line":283,"column":70}}},"34":{"name":"(anonymous_34)","line":287,"loc":{"start":{"line":287,"column":93},"end":{"line":287,"column":107}}},"35":{"name":"(anonymous_35)","line":296,"loc":{"start":{"line":296,"column":61},"end":{"line":296,"column":78}}},"36":{"name":"(anonymous_36)","line":300,"loc":{"start":{"line":300,"column":104},"end":{"line":300,"column":118}}},"37":{"name":"(anonymous_37)","line":310,"loc":{"start":{"line":310,"column":63},"end":{"line":310,"column":80}}},"38":{"name":"(anonymous_38)","line":314,"loc":{"start":{"line":314,"column":99},"end":{"line":314,"column":113}}},"39":{"name":"(anonymous_39)","line":320,"loc":{"start":{"line":320,"column":65},"end":{"line":320,"column":82}}},"40":{"name":"(anonymous_40)","line":324,"loc":{"start":{"line":324,"column":105},"end":{"line":324,"column":119}}},"41":{"name":"(anonymous_41)","line":334,"loc":{"start":{"line":334,"column":67},"end":{"line":334,"column":84}}},"42":{"name":"(anonymous_42)","line":338,"loc":{"start":{"line":338,"column":104},"end":{"line":338,"column":118}}},"43":{"name":"(anonymous_43)","line":346,"loc":{"start":{"line":346,"column":69},"end":{"line":346,"column":86}}},"44":{"name":"(anonymous_44)","line":350,"loc":{"start":{"line":350,"column":111},"end":{"line":350,"column":125}}},"45":{"name":"(anonymous_45)","line":359,"loc":{"start":{"line":359,"column":71},"end":{"line":359,"column":88}}},"46":{"name":"(anonymous_46)","line":363,"loc":{"start":{"line":363,"column":136},"end":{"line":363,"column":150}}},"47":{"name":"(anonymous_47)","line":376,"loc":{"start":{"line":376,"column":128},"end":{"line":376,"column":142}}},"48":{"name":"(anonymous_48)","line":389,"loc":{"start":{"line":389,"column":120},"end":{"line":389,"column":134}}},"49":{"name":"(anonymous_49)","line":393,"loc":{"start":{"line":393,"column":77},"end":{"line":393,"column":94}}},"50":{"name":"(anonymous_50)","line":397,"loc":{"start":{"line":397,"column":127},"end":{"line":397,"column":141}}},"51":{"name":"(anonymous_51)","line":405,"loc":{"start":{"line":405,"column":135},"end":{"line":405,"column":149}}},"52":{"name":"(anonymous_52)","line":409,"loc":{"start":{"line":409,"column":81},"end":{"line":409,"column":98}}},"53":{"name":"(anonymous_53)","line":413,"loc":{"start":{"line":413,"column":121},"end":{"line":413,"column":135}}},"54":{"name":"(anonymous_54)","line":421,"loc":{"start":{"line":421,"column":83},"end":{"line":421,"column":100}}},"55":{"name":"(anonymous_55)","line":433,"loc":{"start":{"line":433,"column":85},"end":{"line":433,"column":102}}},"56":{"name":"(anonymous_56)","line":445,"loc":{"start":{"line":445,"column":99},"end":{"line":445,"column":116}}},"57":{"name":"(anonymous_57)","line":457,"loc":{"start":{"line":457,"column":105},"end":{"line":457,"column":122}}},"58":{"name":"(anonymous_58)","line":461,"loc":{"start":{"line":461,"column":160},"end":{"line":461,"column":174}}},"59":{"name":"(anonymous_59)","line":486,"loc":{"start":{"line":486,"column":123},"end":{"line":486,"column":140}}},"60":{"name":"(anonymous_60)","line":490,"loc":{"start":{"line":490,"column":194},"end":{"line":490,"column":208}}},"61":{"name":"(anonymous_61)","line":498,"loc":{"start":{"line":498,"column":192},"end":{"line":498,"column":206}}}},"statementMap":{"1":{"start":{"line":1,"column":0},"end":{"line":1,"column":40}},"2":{"start":{"line":2,"column":0},"end":{"line":2,"column":39}},"3":{"start":{"line":3,"column":0},"end":{"line":3,"column":31}},"4":{"start":{"line":4,"column":0},"end":{"line":4,"column":48}},"5":{"start":{"line":5,"column":0},"end":{"line":5,"column":38}},"6":{"start":{"line":6,"column":0},"end":{"line":6,"column":49}},"7":{"start":{"line":7,"column":0},"end":{"line":7,"column":66}},"8":{"start":{"line":8,"column":0},"end":{"line":8,"column":63}},"9":{"start":{"line":9,"column":0},"end":{"line":9,"column":67}},"10":{"start":{"line":10,"column":0},"end":{"line":10,"column":61}},"11":{"start":{"line":12,"column":0},"end":{"line":506,"column":3}},"12":{"start":{"line":13,"column":2},"end":{"line":25,"column":5}},"13":{"start":{"line":14,"column":4},"end":{"line":14,"column":59}},"14":{"start":{"line":15,"column":4},"end":{"line":15,"column":31}},"15":{"start":{"line":16,"column":4},"end":{"line":16,"column":42}},"16":{"start":{"line":17,"column":4},"end":{"line":17,"column":60}},"17":{"start":{"line":18,"column":4},"end":{"line":24,"column":9}},"18":{"start":{"line":19,"column":6},"end":{"line":19,"column":24}},"19":{"start":{"line":20,"column":6},"end":{"line":20,"column":25}},"20":{"start":{"line":21,"column":6},"end":{"line":21,"column":26}},"21":{"start":{"line":22,"column":6},"end":{"line":22,"column":39}},"22":{"start":{"line":23,"column":6},"end":{"line":23,"column":13}},"23":{"start":{"line":26,"column":2},"end":{"line":38,"column":5}},"24":{"start":{"line":27,"column":4},"end":{"line":27,"column":59}},"25":{"start":{"line":28,"column":4},"end":{"line":28,"column":31}},"26":{"start":{"line":29,"column":4},"end":{"line":29,"column":42}},"27":{"start":{"line":30,"column":4},"end":{"line":30,"column":60}},"28":{"start":{"line":31,"column":4},"end":{"line":37,"column":9}},"29":{"start":{"line":32,"column":6},"end":{"line":32,"column":24}},"30":{"start":{"line":33,"column":6},"end":{"line":33,"column":25}},"31":{"start":{"line":34,"column":6},"end":{"line":34,"column":26}},"32":{"start":{"line":35,"column":6},"end":{"line":35,"column":39}},"33":{"start":{"line":36,"column":6},"end":{"line":36,"column":13}},"34":{"start":{"line":39,"column":2},"end":{"line":51,"column":5}},"35":{"start":{"line":40,"column":4},"end":{"line":40,"column":59}},"36":{"start":{"line":41,"column":4},"end":{"line":41,"column":31}},"37":{"start":{"line":42,"column":4},"end":{"line":42,"column":42}},"38":{"start":{"line":43,"column":4},"end":{"line":43,"column":60}},"39":{"start":{"line":44,"column":4},"end":{"line":50,"column":9}},"40":{"start":{"line":45,"column":6},"end":{"line":45,"column":24}},"41":{"start":{"line":46,"column":6},"end":{"line":46,"column":25}},"42":{"start":{"line":47,"column":6},"end":{"line":47,"column":26}},"43":{"start":{"line":48,"column":6},"end":{"line":48,"column":39}},"44":{"start":{"line":49,"column":6},"end":{"line":49,"column":13}},"45":{"start":{"line":52,"column":2},"end":{"line":64,"column":5}},"46":{"start":{"line":53,"column":4},"end":{"line":53,"column":59}},"47":{"start":{"line":54,"column":4},"end":{"line":54,"column":31}},"48":{"start":{"line":55,"column":4},"end":{"line":55,"column":42}},"49":{"start":{"line":56,"column":4},"end":{"line":56,"column":60}},"50":{"start":{"line":57,"column":4},"end":{"line":63,"column":9}},"51":{"start":{"line":58,"column":6},"end":{"line":58,"column":24}},"52":{"start":{"line":59,"column":6},"end":{"line":59,"column":25}},"53":{"start":{"line":60,"column":6},"end":{"line":60,"column":26}},"54":{"start":{"line":61,"column":6},"end":{"line":61,"column":39}},"55":{"start":{"line":62,"column":6},"end":{"line":62,"column":13}},"56":{"start":{"line":65,"column":2},"end":{"line":72,"column":9}},"57":{"start":{"line":66,"column":8},"end":{"line":71,"column":11}},"58":{"start":{"line":70,"column":12},"end":{"line":70,"column":19}},"59":{"start":{"line":73,"column":4},"end":{"line":82,"column":11}},"60":{"start":{"line":74,"column":10},"end":{"line":74,"column":32}},"61":{"start":{"line":75,"column":10},"end":{"line":81,"column":13}},"62":{"start":{"line":80,"column":14},"end":{"line":80,"column":21}},"63":{"start":{"line":83,"column":6},"end":{"line":90,"column":13}},"64":{"start":{"line":84,"column":12},"end":{"line":89,"column":15}},"65":{"start":{"line":88,"column":16},"end":{"line":88,"column":23}},"66":{"start":{"line":91,"column":8},"end":{"line":101,"column":11}},"67":{"start":{"line":92,"column":10},"end":{"line":92,"column":31}},"68":{"start":{"line":93,"column":10},"end":{"line":93,"column":34}},"69":{"start":{"line":94,"column":10},"end":{"line":94,"column":41}},"70":{"start":{"line":95,"column":10},"end":{"line":95,"column":43}},"71":{"start":{"line":96,"column":10},"end":{"line":99,"column":22}},"72":{"start":{"line":100,"column":10},"end":{"line":100,"column":17}},"73":{"start":{"line":102,"column":8},"end":{"line":114,"column":13}},"74":{"start":{"line":103,"column":12},"end":{"line":103,"column":33}},"75":{"start":{"line":104,"column":12},"end":{"line":104,"column":35}},"76":{"start":{"line":105,"column":12},"end":{"line":105,"column":34}},"77":{"start":{"line":106,"column":12},"end":{"line":106,"column":36}},"78":{"start":{"line":107,"column":12},"end":{"line":107,"column":38}},"79":{"start":{"line":108,"column":12},"end":{"line":108,"column":37}},"80":{"start":{"line":109,"column":12},"end":{"line":112,"column":24}},"81":{"start":{"line":113,"column":16},"end":{"line":113,"column":23}},"82":{"start":{"line":115,"column":10},"end":{"line":125,"column":19}},"83":{"start":{"line":116,"column":14},"end":{"line":116,"column":35}},"84":{"start":{"line":117,"column":14},"end":{"line":117,"column":40}},"85":{"start":{"line":118,"column":14},"end":{"line":118,"column":36}},"86":{"start":{"line":119,"column":14},"end":{"line":119,"column":38}},"87":{"start":{"line":120,"column":18},"end":{"line":123,"column":30}},"88":{"start":{"line":124,"column":22},"end":{"line":124,"column":29}},"89":{"start":{"line":126,"column":14},"end":{"line":139,"column":23}},"90":{"start":{"line":127,"column":24},"end":{"line":127,"column":318}},"91":{"start":{"line":128,"column":24},"end":{"line":128,"column":60}},"92":{"start":{"line":129,"column":24},"end":{"line":131,"column":26}},"93":{"start":{"line":132,"column":24},"end":{"line":132,"column":81}},"94":{"start":{"line":133,"column":24},"end":{"line":138,"column":27}},"95":{"start":{"line":134,"column":28},"end":{"line":134,"column":49}},"96":{"start":{"line":135,"column":28},"end":{"line":135,"column":50}},"97":{"start":{"line":136,"column":28},"end":{"line":136,"column":61}},"98":{"start":{"line":137,"column":28},"end":{"line":137,"column":35}},"99":{"start":{"line":140,"column":20},"end":{"line":145,"column":27}},"100":{"start":{"line":141,"column":26},"end":{"line":143,"column":38}},"101":{"start":{"line":144,"column":30},"end":{"line":144,"column":37}},"102":{"start":{"line":146,"column":20},"end":{"line":153,"column":27}},"103":{"start":{"line":147,"column":26},"end":{"line":152,"column":29}},"104":{"start":{"line":151,"column":30},"end":{"line":151,"column":37}},"105":{"start":{"line":154,"column":22},"end":{"line":159,"column":29}},"106":{"start":{"line":155,"column":28},"end":{"line":157,"column":40}},"107":{"start":{"line":158,"column":32},"end":{"line":158,"column":39}},"108":{"start":{"line":160,"column":22},"end":{"line":173,"column":29}},"109":{"start":{"line":161,"column":26},"end":{"line":161,"column":48}},"110":{"start":{"line":162,"column":26},"end":{"line":162,"column":51}},"111":{"start":{"line":163,"column":26},"end":{"line":163,"column":48}},"112":{"start":{"line":164,"column":26},"end":{"line":164,"column":57}},"113":{"start":{"line":165,"column":26},"end":{"line":165,"column":57}},"114":{"start":{"line":166,"column":26},"end":{"line":166,"column":48}},"115":{"start":{"line":167,"column":26},"end":{"line":167,"column":64}},"116":{"start":{"line":168,"column":26},"end":{"line":171,"column":38}},"117":{"start":{"line":172,"column":26},"end":{"line":172,"column":33}},"118":{"start":{"line":174,"column":24},"end":{"line":184,"column":29}},"119":{"start":{"line":175,"column":28},"end":{"line":175,"column":67}},"120":{"start":{"line":176,"column":28},"end":{"line":176,"column":63}},"121":{"start":{"line":177,"column":28},"end":{"line":177,"column":85}},"122":{"start":{"line":178,"column":28},"end":{"line":183,"column":31}},"123":{"start":{"line":179,"column":30},"end":{"line":179,"column":51}},"124":{"start":{"line":180,"column":30},"end":{"line":180,"column":52}},"125":{"start":{"line":181,"column":30},"end":{"line":181,"column":63}},"126":{"start":{"line":182,"column":30},"end":{"line":182,"column":37}},"127":{"start":{"line":185,"column":26},"end":{"line":197,"column":31}},"128":{"start":{"line":186,"column":28},"end":{"line":186,"column":83}},"129":{"start":{"line":187,"column":28},"end":{"line":187,"column":55}},"130":{"start":{"line":188,"column":28},"end":{"line":188,"column":66}},"131":{"start":{"line":189,"column":28},"end":{"line":189,"column":84}},"132":{"start":{"line":190,"column":28},"end":{"line":196,"column":33}},"133":{"start":{"line":191,"column":30},"end":{"line":191,"column":48}},"134":{"start":{"line":192,"column":30},"end":{"line":192,"column":49}},"135":{"start":{"line":193,"column":30},"end":{"line":193,"column":50}},"136":{"start":{"line":194,"column":30},"end":{"line":194,"column":63}},"137":{"start":{"line":195,"column":30},"end":{"line":195,"column":37}},"138":{"start":{"line":198,"column":28},"end":{"line":208,"column":35}},"139":{"start":{"line":199,"column":34},"end":{"line":199,"column":56}},"140":{"start":{"line":200,"column":34},"end":{"line":200,"column":61}},"141":{"start":{"line":201,"column":34},"end":{"line":201,"column":59}},"142":{"start":{"line":202,"column":34},"end":{"line":202,"column":59}},"143":{"start":{"line":203,"column":34},"end":{"line":206,"column":46}},"144":{"start":{"line":207,"column":38},"end":{"line":207,"column":45}},"145":{"start":{"line":209,"column":30},"end":{"line":216,"column":37}},"146":{"start":{"line":210,"column":34},"end":{"line":210,"column":55}},"147":{"start":{"line":211,"column":34},"end":{"line":214,"column":46}},"148":{"start":{"line":215,"column":34},"end":{"line":215,"column":41}},"149":{"start":{"line":217,"column":32},"end":{"line":229,"column":37}},"150":{"start":{"line":218,"column":36},"end":{"line":218,"column":57}},"151":{"start":{"line":219,"column":36},"end":{"line":219,"column":62}},"152":{"start":{"line":220,"column":36},"end":{"line":220,"column":58}},"153":{"start":{"line":221,"column":36},"end":{"line":221,"column":61}},"154":{"start":{"line":222,"column":36},"end":{"line":222,"column":56}},"155":{"start":{"line":223,"column":36},"end":{"line":223,"column":56}},"156":{"start":{"line":224,"column":36},"end":{"line":227,"column":48}},"157":{"start":{"line":228,"column":36},"end":{"line":228,"column":43}},"158":{"start":{"line":230,"column":34},"end":{"line":240,"column":41}},"159":{"start":{"line":231,"column":38},"end":{"line":231,"column":59}},"160":{"start":{"line":232,"column":38},"end":{"line":232,"column":64}},"161":{"start":{"line":233,"column":38},"end":{"line":233,"column":60}},"162":{"start":{"line":234,"column":38},"end":{"line":234,"column":63}},"163":{"start":{"line":235,"column":38},"end":{"line":238,"column":50}},"164":{"start":{"line":239,"column":42},"end":{"line":239,"column":49}},"165":{"start":{"line":241,"column":36},"end":{"line":248,"column":43}},"166":{"start":{"line":242,"column":42},"end":{"line":247,"column":45}},"167":{"start":{"line":246,"column":46},"end":{"line":246,"column":53}},"168":{"start":{"line":249,"column":38},"end":{"line":262,"column":45}},"169":{"start":{"line":250,"column":44},"end":{"line":250,"column":66}},"170":{"start":{"line":251,"column":44},"end":{"line":251,"column":70}},"171":{"start":{"line":252,"column":44},"end":{"line":252,"column":65}},"172":{"start":{"line":253,"column":44},"end":{"line":253,"column":68}},"173":{"start":{"line":254,"column":44},"end":{"line":254,"column":69}},"174":{"start":{"line":255,"column":44},"end":{"line":261,"column":47}},"175":{"start":{"line":260,"column":48},"end":{"line":260,"column":55}},"176":{"start":{"line":263,"column":40},"end":{"line":274,"column":47}},"177":{"start":{"line":264,"column":46},"end":{"line":264,"column":68}},"178":{"start":{"line":265,"column":46},"end":{"line":265,"column":72}},"179":{"start":{"line":266,"column":46},"end":{"line":266,"column":66}},"180":{"start":{"line":267,"column":46},"end":{"line":273,"column":49}},"181":{"start":{"line":272,"column":50},"end":{"line":272,"column":57}},"182":{"start":{"line":275,"column":42},"end":{"line":286,"column":49}},"183":{"start":{"line":276,"column":44},"end":{"line":276,"column":66}},"184":{"start":{"line":277,"column":48},"end":{"line":277,"column":74}},"185":{"start":{"line":278,"column":48},"end":{"line":278,"column":68}},"186":{"start":{"line":279,"column":48},"end":{"line":285,"column":51}},"187":{"start":{"line":284,"column":52},"end":{"line":284,"column":59}},"188":{"start":{"line":287,"column":50},"end":{"line":299,"column":57}},"189":{"start":{"line":288,"column":56},"end":{"line":288,"column":78}},"190":{"start":{"line":289,"column":56},"end":{"line":289,"column":83}},"191":{"start":{"line":290,"column":56},"end":{"line":290,"column":91}},"192":{"start":{"line":291,"column":56},"end":{"line":291,"column":89}},"193":{"start":{"line":292,"column":56},"end":{"line":298,"column":59}},"194":{"start":{"line":297,"column":60},"end":{"line":297,"column":67}},"195":{"start":{"line":300,"column":52},"end":{"line":313,"column":59}},"196":{"start":{"line":301,"column":58},"end":{"line":301,"column":80}},"197":{"start":{"line":302,"column":58},"end":{"line":302,"column":84}},"198":{"start":{"line":303,"column":58},"end":{"line":303,"column":79}},"199":{"start":{"line":304,"column":58},"end":{"line":304,"column":82}},"200":{"start":{"line":305,"column":58},"end":{"line":305,"column":83}},"201":{"start":{"line":306,"column":58},"end":{"line":312,"column":61}},"202":{"start":{"line":311,"column":62},"end":{"line":311,"column":69}},"203":{"start":{"line":314,"column":54},"end":{"line":323,"column":61}},"204":{"start":{"line":315,"column":60},"end":{"line":315,"column":82}},"205":{"start":{"line":316,"column":60},"end":{"line":322,"column":63}},"206":{"start":{"line":321,"column":64},"end":{"line":321,"column":71}},"207":{"start":{"line":324,"column":56},"end":{"line":337,"column":63}},"208":{"start":{"line":325,"column":62},"end":{"line":325,"column":84}},"209":{"start":{"line":326,"column":62},"end":{"line":326,"column":88}},"210":{"start":{"line":327,"column":62},"end":{"line":327,"column":83}},"211":{"start":{"line":328,"column":62},"end":{"line":328,"column":86}},"212":{"start":{"line":329,"column":62},"end":{"line":329,"column":87}},"213":{"start":{"line":330,"column":62},"end":{"line":336,"column":65}},"214":{"start":{"line":335,"column":66},"end":{"line":335,"column":73}},"215":{"start":{"line":338,"column":58},"end":{"line":349,"column":65}},"216":{"start":{"line":339,"column":64},"end":{"line":339,"column":86}},"217":{"start":{"line":340,"column":64},"end":{"line":340,"column":90}},"218":{"start":{"line":341,"column":64},"end":{"line":341,"column":84}},"219":{"start":{"line":342,"column":64},"end":{"line":348,"column":67}},"220":{"start":{"line":347,"column":68},"end":{"line":347,"column":75}},"221":{"start":{"line":350,"column":60},"end":{"line":362,"column":67}},"222":{"start":{"line":351,"column":66},"end":{"line":351,"column":88}},"223":{"start":{"line":352,"column":66},"end":{"line":352,"column":92}},"224":{"start":{"line":353,"column":66},"end":{"line":353,"column":87}},"225":{"start":{"line":354,"column":66},"end":{"line":354,"column":90}},"226":{"start":{"line":355,"column":66},"end":{"line":361,"column":69}},"227":{"start":{"line":360,"column":70},"end":{"line":360,"column":77}},"228":{"start":{"line":363,"column":62},"end":{"line":375,"column":67}},"229":{"start":{"line":364,"column":66},"end":{"line":364,"column":87}},"230":{"start":{"line":365,"column":66},"end":{"line":365,"column":89}},"231":{"start":{"line":366,"column":66},"end":{"line":366,"column":88}},"232":{"start":{"line":367,"column":66},"end":{"line":367,"column":90}},"233":{"start":{"line":368,"column":66},"end":{"line":368,"column":92}},"234":{"start":{"line":369,"column":66},"end":{"line":369,"column":91}},"235":{"start":{"line":370,"column":66},"end":{"line":373,"column":78}},"236":{"start":{"line":374,"column":70},"end":{"line":374,"column":77}},"237":{"start":{"line":376,"column":64},"end":{"line":388,"column":69}},"238":{"start":{"line":377,"column":68},"end":{"line":377,"column":89}},"239":{"start":{"line":378,"column":68},"end":{"line":378,"column":91}},"240":{"start":{"line":379,"column":68},"end":{"line":379,"column":90}},"241":{"start":{"line":380,"column":68},"end":{"line":380,"column":92}},"242":{"start":{"line":381,"column":68},"end":{"line":381,"column":94}},"243":{"start":{"line":382,"column":68},"end":{"line":382,"column":93}},"244":{"start":{"line":383,"column":68},"end":{"line":386,"column":80}},"245":{"start":{"line":387,"column":72},"end":{"line":387,"column":79}},"246":{"start":{"line":389,"column":66},"end":{"line":396,"column":73}},"247":{"start":{"line":390,"column":72},"end":{"line":395,"column":75}},"248":{"start":{"line":394,"column":76},"end":{"line":394,"column":83}},"249":{"start":{"line":397,"column":68},"end":{"line":404,"column":73}},"250":{"start":{"line":398,"column":70},"end":{"line":398,"column":86}},"251":{"start":{"line":399,"column":70},"end":{"line":402,"column":82}},"252":{"start":{"line":403,"column":70},"end":{"line":403,"column":77}},"253":{"start":{"line":405,"column":70},"end":{"line":412,"column":77}},"254":{"start":{"line":406,"column":76},"end":{"line":411,"column":79}},"255":{"start":{"line":410,"column":80},"end":{"line":410,"column":87}},"256":{"start":{"line":413,"column":72},"end":{"line":424,"column":79}},"257":{"start":{"line":414,"column":78},"end":{"line":414,"column":100}},"258":{"start":{"line":415,"column":78},"end":{"line":415,"column":104}},"259":{"start":{"line":416,"column":78},"end":{"line":416,"column":98}},"260":{"start":{"line":417,"column":78},"end":{"line":423,"column":81}},"261":{"start":{"line":422,"column":82},"end":{"line":422,"column":89}},"262":{"start":{"line":425,"column":74},"end":{"line":436,"column":91}},"263":{"start":{"line":426,"column":76},"end":{"line":426,"column":98}},"264":{"start":{"line":427,"column":80},"end":{"line":427,"column":106}},"265":{"start":{"line":428,"column":80},"end":{"line":428,"column":100}},"266":{"start":{"line":429,"column":80},"end":{"line":435,"column":83}},"267":{"start":{"line":434,"column":84},"end":{"line":434,"column":91}},"268":{"start":{"line":437,"column":88},"end":{"line":448,"column":111}},"269":{"start":{"line":438,"column":90},"end":{"line":438,"column":112}},"270":{"start":{"line":439,"column":94},"end":{"line":439,"column":120}},"271":{"start":{"line":440,"column":94},"end":{"line":440,"column":114}},"272":{"start":{"line":441,"column":94},"end":{"line":447,"column":97}},"273":{"start":{"line":446,"column":98},"end":{"line":446,"column":105}},"274":{"start":{"line":449,"column":94},"end":{"line":460,"column":113}},"275":{"start":{"line":450,"column":96},"end":{"line":450,"column":118}},"276":{"start":{"line":451,"column":100},"end":{"line":451,"column":126}},"277":{"start":{"line":452,"column":100},"end":{"line":452,"column":120}},"278":{"start":{"line":453,"column":100},"end":{"line":459,"column":103}},"279":{"start":{"line":458,"column":104},"end":{"line":458,"column":111}},"280":{"start":{"line":461,"column":110},"end":{"line":477,"column":115}},"281":{"start":{"line":462,"column":114},"end":{"line":462,"column":135}},"282":{"start":{"line":463,"column":114},"end":{"line":463,"column":136}},"283":{"start":{"line":464,"column":114},"end":{"line":464,"column":138}},"284":{"start":{"line":465,"column":114},"end":{"line":465,"column":140}},"285":{"start":{"line":466,"column":114},"end":{"line":466,"column":136}},"286":{"start":{"line":467,"column":114},"end":{"line":467,"column":135}},"287":{"start":{"line":468,"column":114},"end":{"line":468,"column":136}},"288":{"start":{"line":469,"column":114},"end":{"line":469,"column":136}},"289":{"start":{"line":470,"column":114},"end":{"line":470,"column":135}},"290":{"start":{"line":471,"column":114},"end":{"line":471,"column":131}},"291":{"start":{"line":472,"column":114},"end":{"line":475,"column":126}},"292":{"start":{"line":476,"column":118},"end":{"line":476,"column":125}},"293":{"start":{"line":478,"column":112},"end":{"line":489,"column":121}},"294":{"start":{"line":479,"column":114},"end":{"line":479,"column":136}},"295":{"start":{"line":480,"column":118},"end":{"line":480,"column":144}},"296":{"start":{"line":481,"column":118},"end":{"line":481,"column":138}},"297":{"start":{"line":482,"column":118},"end":{"line":488,"column":121}},"298":{"start":{"line":487,"column":122},"end":{"line":487,"column":129}},"299":{"start":{"line":490,"column":118},"end":{"line":497,"column":123}},"300":{"start":{"line":491,"column":122},"end":{"line":491,"column":138}},"301":{"start":{"line":492,"column":122},"end":{"line":495,"column":134}},"302":{"start":{"line":496,"column":126},"end":{"line":496,"column":133}},"303":{"start":{"line":498,"column":138},"end":{"line":505,"column":143}},"304":{"start":{"line":499,"column":142},"end":{"line":499,"column":158}},"305":{"start":{"line":500,"column":142},"end":{"line":503,"column":154}},"306":{"start":{"line":504,"column":146},"end":{"line":504,"column":153}}},"branchMap":{}},"C:\\Users\\ar351538\\Desktop\\MernSampleCode\\server\\users\\userEntity.js":{"path":"C:\\Users\\ar351538\\Desktop\\MernSampleCode\\server\\users\\userEntity.js","s":{"1":1,"2":1,"3":1,"4":1},"b":{},"f":{},"fnMap":{},"statementMap":{"1":{"start":{"line":1,"column":0},"end":{"line":1,"column":37}},"2":{"start":{"line":3,"column":0},"end":{"line":9,"column":3}},"3":{"start":{"line":11,"column":0},"end":{"line":11,"column":53}},"4":{"start":{"line":13,"column":0},"end":{"line":15,"column":1}}},"branchMap":{}},"C:\\Users\\ar351538\\Desktop\\MernSampleCode\\server\\phlebotomist\\phlebotomistEntity.js":{"path":"C:\\Users\\ar351538\\Desktop\\MernSampleCode\\server\\phlebotomist\\phlebotomistEntity.js","s":{"1":1,"2":1,"3":1,"4":1},"b":{},"f":{},"fnMap":{},"statementMap":{"1":{"start":{"line":1,"column":0},"end":{"line":1,"column":37}},"2":{"start":{"line":2,"column":0},"end":{"line":291,"column":3}},"3":{"start":{"line":293,"column":0},"end":{"line":293,"column":46}},"4":{"start":{"line":295,"column":0},"end":{"line":297,"column":1}}},"branchMap":{}},"C:\\Users\\ar351538\\Desktop\\MernSampleCode\\server\\patients\\patientEntity.js":{"path":"C:\\Users\\ar351538\\Desktop\\MernSampleCode\\server\\patients\\patientEntity.js","s":{"1":1,"2":1,"3":1,"4":1},"b":{},"f":{},"fnMap":{},"statementMap":{"1":{"start":{"line":1,"column":0},"end":{"line":1,"column":37}},"2":{"start":{"line":3,"column":0},"end":{"line":107,"column":3}},"3":{"start":{"line":109,"column":0},"end":{"line":109,"column":49}},"4":{"start":{"line":111,"column":0},"end":{"line":113,"column":1}}},"branchMap":{}}}